<?xml version="1.0" encoding="UTF-8"?>
<testng-results ignored="0" total="1" passed="1" failed="0" skipped="0">
  <reporter-output>
  </reporter-output>
  <suite started-at="2024-11-20T07:56:38 EST" name="Default suite" finished-at="2024-11-20T07:56:38 EST" duration-ms="837">
    <groups>
    </groups>
    <test started-at="2024-11-20T07:56:38 EST" name="Default test" finished-at="2024-11-20T07:56:38 EST" duration-ms="837">
      <class name="SampleTest.SampleTest">
        <test-method signature="master()[pri:0, instance:SampleTest.SampleTest@59505b48]" started-at="2024-11-20T07:56:38 EST" name="master" finished-at="2024-11-20T07:56:38 EST" duration-ms="17" status="PASS">
          <reporter-output>
          </reporter-output>
        </test-method> <!-- master -->
      </class> <!-- SampleTest.SampleTest -->
    </test> <!-- Default test -->
  </suite> <!-- Default suite -->
</testng-results>
